<?xml version="1.0"?>
<TEST PACKAGE="gdome2"><RELEASE>0.6.x</RELEASE></TEST>
